<?xml version="1.0" encoding="UTF-8"?>
<testsuite xmlns:xsi="http://www.w3.org/2001/XMLSchema-instance" xsi:noNamespaceSchemaLocation="https://maven.apache.org/surefire/maven-surefire-plugin/xsd/surefire-test-report-3.0.xsd" version="3.0" name="com.adilsonjager.project.list.apiList.ApiListApplicationTests" time="5.479" tests="1" errors="0" skipped="0" failures="0">
  <properties>
[...]
</properties>
  <testcase name="contextLoads" classname="com.adilsonjager.project.list.apiList.ApiListApplicationTests" time="0.412">
    <system-out><![CDATA[22:02:56.078 [main] INFO org.springframework.test.context.support.AnnotationConfigContextLoaderUtils -- Could not detect default configuration classes for test class [com.adilsonjager.project.list.apiList.ApiListApplicationTests]: ApiListApplicationTests does not declare any static, non-private, non-final, nested classes annotated with @Configuration.
22:02:56.165 [main] INFO org.springframework.boot.test.context.SpringBootTestContextBootstrapper -- Found @SpringBootConfiguration com.adilsonjager.project.list.apiList.ApiListApplication for test class com.adilsonjager.project.list.apiList.ApiListApplicationTests

  .   ____          _            __ _ _
 /\\ / ___'_ __ _ _(_)_ __  __ _ \ \ \ \
( ( )\___ | '_ | '_| | '_ \/ _` | \ \ \ \
 \\/  ___)| |_)| | | | | || (_| |  ) ) ) )
  '  |____| .__|_| |_|_| |_\__, | / / / /
 =========|_|==============|___/=/_/_/_/
 :: Spring Boot ::                (v3.1.0)

2023-07-31T22:02:56.581+01:00  INFO 21748 --- [           main] c.a.p.l.apiList.ApiListApplicationTests  : Starting ApiListApplicationTests using Java 17.0.7 with PID 21748 (started by adils in D:\github\apiList)
2023-07-31T22:02:56.583+01:00  INFO 21748 --- [           main] c.a.p.l.apiList.ApiListApplicationTests  : No active profile set, falling back to 1 default profile: "default"
2023-07-31T22:02:57.314+01:00  INFO 21748 --- [           main] .s.d.r.c.RepositoryConfigurationDelegate : Bootstrapping Spring Data JPA repositories in DEFAULT mode.
2023-07-31T22:02:57.382+01:00  INFO 21748 --- [           main] .s.d.r.c.RepositoryConfigurationDelegate : Finished Spring Data repository scanning in 59 ms. Found 2 JPA repository interfaces.
2023-07-31T22:02:57.961+01:00  INFO 21748 --- [           main] o.f.c.internal.license.VersionPrinter    : Flyway Community Edition 9.16.3 by Redgate
2023-07-31T22:02:57.961+01:00  INFO 21748 --- [           main] o.f.c.internal.license.VersionPrinter    : See release notes here: https://rd.gt/416ObMi
2023-07-31T22:02:57.961+01:00  INFO 21748 --- [           main] o.f.c.internal.license.VersionPrinter    : 
2023-07-31T22:02:57.976+01:00  INFO 21748 --- [           main] com.zaxxer.hikari.HikariDataSource       : HikariPool-1 - Starting...
2023-07-31T22:02:58.306+01:00  INFO 21748 --- [           main] com.zaxxer.hikari.pool.HikariPool        : HikariPool-1 - Added connection org.postgresql.jdbc.PgConnection@171dc7c3
2023-07-31T22:02:58.308+01:00  INFO 21748 --- [           main] com.zaxxer.hikari.HikariDataSource       : HikariPool-1 - Start completed.
2023-07-31T22:02:58.328+01:00  INFO 21748 --- [           main] o.f.c.i.database.base.BaseDatabaseType   : Database: jdbc:postgresql://localhost:5432/list-api (PostgreSQL 15.3)
2023-07-31T22:02:58.367+01:00  INFO 21748 --- [           main] o.f.core.internal.command.DbValidate     : Successfully validated 0 migrations (execution time 00:00.016s)
2023-07-31T22:02:58.367+01:00  WARN 21748 --- [           main] o.f.core.internal.command.DbValidate     : No migrations found. Are your locations set up correctly?
2023-07-31T22:02:58.433+01:00  INFO 21748 --- [           main] o.f.core.internal.command.DbMigrate      : Current version of schema "public": << Empty Schema >>
2023-07-31T22:02:58.435+01:00  INFO 21748 --- [           main] o.f.core.internal.command.DbMigrate      : Schema "public" is up to date. No migration necessary.
2023-07-31T22:02:58.568+01:00  INFO 21748 --- [           main] o.hibernate.jpa.internal.util.LogHelper  : HHH000204: Processing PersistenceUnitInfo [name: default]
2023-07-31T22:02:58.655+01:00  INFO 21748 --- [           main] org.hibernate.Version                    : HHH000412: Hibernate ORM core version 6.2.2.Final
2023-07-31T22:02:58.659+01:00  INFO 21748 --- [           main] org.hibernate.cfg.Environment            : HHH000406: Using bytecode reflection optimizer
2023-07-31T22:02:58.818+01:00  INFO 21748 --- [           main] o.h.b.i.BytecodeProviderInitiator        : HHH000021: Bytecode provider name : bytebuddy
2023-07-31T22:02:58.981+01:00  INFO 21748 --- [           main] o.s.o.j.p.SpringPersistenceUnitInfo      : No LoadTimeWeaver setup: ignoring JPA class transformer
2023-07-31T22:02:59.042+01:00  INFO 21748 --- [           main] org.hibernate.orm.dialect                : HHH035001: Using dialect: org.hibernate.dialect.PostgreSQLDialect, version: org.hibernate.engine.jdbc.env.internal.JdbcEnvironmentInitiator$DialectResolutionInfoImpl@4b691611
2023-07-31T22:02:59.220+01:00  INFO 21748 --- [           main] o.h.b.i.BytecodeProviderInitiator        : HHH000021: Bytecode provider name : bytebuddy
2023-07-31T22:02:59.735+01:00  INFO 21748 --- [           main] o.h.e.t.j.p.i.JtaPlatformInitiator       : HHH000490: Using JtaPlatform implementation: [org.hibernate.engine.transaction.jta.platform.internal.NoJtaPlatform]
2023-07-31T22:02:59.783+01:00  INFO 21748 --- [           main] j.LocalContainerEntityManagerFactoryBean : Initialized JPA EntityManagerFactory for persistence unit 'default'
2023-07-31T22:03:00.189+01:00  WARN 21748 --- [           main] JpaBaseConfiguration$JpaWebConfiguration : spring.jpa.open-in-view is enabled by default. Therefore, database queries may be performed during view rendering. Explicitly configure spring.jpa.open-in-view to disable this warning
2023-07-31T22:03:00.495+01:00  INFO 21748 --- [           main] o.s.s.web.DefaultSecurityFilterChain     : Will secure any request with [org.springframework.security.web.session.DisableEncodeUrlFilter@15ca7322, org.springframework.security.web.context.request.async.WebAsyncManagerIntegrationFilter@4c89c98a, org.springframework.security.web.context.SecurityContextHolderFilter@5248c05a, org.springframework.security.web.header.HeaderWriterFilter@4779df3d, org.springframework.security.web.authentication.logout.LogoutFilter@70b0dc92, com.adilsonjager.project.list.apiList.security.SecurityFilter@19c06762, org.springframework.security.web.savedrequest.RequestCacheAwareFilter@601e7c97, org.springframework.security.web.servletapi.SecurityContextHolderAwareRequestFilter@6672b0ea, org.springframework.security.web.authentication.AnonymousAuthenticationFilter@28200d43, org.springframework.security.web.session.SessionManagementFilter@1f7b1d6a, org.springframework.security.web.access.ExceptionTranslationFilter@63fde7ca, org.springframework.security.web.access.intercept.AuthorizationFilter@20cf3ab3]
2023-07-31T22:03:00.768+01:00  INFO 21748 --- [           main] c.a.p.l.apiList.ApiListApplicationTests  : Started ApiListApplicationTests in 4.45 seconds (process running for 5.484)
]]></system-out>
  </testcase>
</testsuite>